2024-06-16 11:47:33,054 [INFO] com.racha.restdev.RestdevApplication [main] Starting RestdevApplication using Java 17.0.8 with PID 20224 (C:\Users\ratsh\OneDrive\Documents\vs code\webapp\Restdev 01\target\classes started by ratsh in C:\Users\ratsh\OneDrive\Documents\vs code\webapp\Restdev 01)
2024-06-16 11:47:33,065 [DEBUG] com.racha.restdev.RestdevApplication [main] Running with Spring Boot v3.3.0, Spring v6.1.8
2024-06-16 11:47:33,067 [INFO] com.racha.restdev.RestdevApplication [main] No active profile set, falling back to 1 default profile: "default"
2024-06-16 11:47:34,384 [INFO] org.springframework.data.repository.config.RepositoryConfigurationDelegate [main] Bootstrapping Spring Data JPA repositories in DEFAULT mode.
2024-06-16 11:47:34,482 [INFO] org.springframework.data.repository.config.RepositoryConfigurationDelegate [main] Finished Spring Data repository scanning in 84 ms. Found 3 JPA repository interfaces.
2024-06-16 11:47:35,262 [INFO] org.springframework.boot.web.embedded.tomcat.TomcatWebServer [main] Tomcat initialized with port 8080 (http)
2024-06-16 11:47:35,279 [INFO] org.apache.catalina.core.StandardService [main] Starting service [Tomcat]
2024-06-16 11:47:35,280 [INFO] org.apache.catalina.core.StandardEngine [main] Starting Servlet engine: [Apache Tomcat/10.1.24]
2024-06-16 11:47:35,391 [INFO] org.apache.catalina.core.ContainerBase.[Tomcat].[localhost].[/] [main] Initializing Spring embedded WebApplicationContext
2024-06-16 11:47:35,393 [INFO] org.springframework.boot.web.servlet.context.ServletWebServerApplicationContext [main] Root WebApplicationContext: initialization completed in 2253 ms
2024-06-16 11:47:35,439 [INFO] com.zaxxer.hikari.HikariDataSource [main] HikariPool-1 - Starting...
2024-06-16 11:47:35,825 [INFO] com.zaxxer.hikari.pool.HikariPool [main] HikariPool-1 - Added connection conn0: url=jdbc:h2:file:./db/db user=ADMIN
2024-06-16 11:47:35,827 [INFO] com.zaxxer.hikari.HikariDataSource [main] HikariPool-1 - Start completed.
2024-06-16 11:47:35,839 [INFO] org.springframework.boot.autoconfigure.h2.H2ConsoleAutoConfiguration [main] H2 console available at '/db-console'. Database available at 'jdbc:h2:file:./db/db'
2024-06-16 11:47:36,040 [INFO] org.hibernate.jpa.internal.util.LogHelper [main] HHH000204: Processing PersistenceUnitInfo [name: default]
2024-06-16 11:47:36,169 [INFO] org.hibernate.Version [main] HHH000412: Hibernate ORM core version 6.5.2.Final
2024-06-16 11:47:36,254 [INFO] org.hibernate.cache.internal.RegionFactoryInitiator [main] HHH000026: Second-level cache disabled
2024-06-16 11:47:36,745 [INFO] org.springframework.orm.jpa.persistenceunit.SpringPersistenceUnitInfo [main] No LoadTimeWeaver setup: ignoring JPA class transformer
2024-06-16 11:47:36,825 [WARN] org.hibernate.orm.deprecation [main] HHH90000025: H2Dialect does not need to be specified explicitly using 'hibernate.dialect' (remove the property setting and it will be selected by default)
2024-06-16 11:47:38,045 [INFO] org.hibernate.engine.transaction.jta.platform.internal.JtaPlatformInitiator [main] HHH000489: No JTA platform available (set 'hibernate.transaction.jta.platform' to enable JTA platform integration)
2024-06-16 11:47:38,106 [INFO] org.springframework.orm.jpa.LocalContainerEntityManagerFactoryBean [main] Initialized JPA EntityManagerFactory for persistence unit 'default'
2024-06-16 11:47:39,093 [WARN] org.springframework.boot.autoconfigure.orm.jpa.JpaBaseConfiguration$JpaWebConfiguration [main] spring.jpa.open-in-view is enabled by default. Therefore, database queries may be performed during view rendering. Explicitly configure spring.jpa.open-in-view to disable this warning
2024-06-16 11:47:39,118 [INFO] org.springframework.security.config.annotation.authentication.configuration.InitializeUserDetailsBeanManagerConfigurer$InitializeUserDetailsManagerConfigurer [main] Global AuthenticationManager configured with UserDetailsService bean with name accountService
2024-06-16 11:47:39,498 [INFO] org.springframework.security.web.DefaultSecurityFilterChain [main] Will secure any request with [org.springframework.security.web.session.DisableEncodeUrlFilter@7ef34eb3, org.springframework.security.web.context.request.async.WebAsyncManagerIntegrationFilter@2719139f, org.springframework.security.web.context.SecurityContextHolderFilter@1509bd56, org.springframework.security.web.header.HeaderWriterFilter@1db7c267, org.springframework.web.filter.CorsFilter@5dfc7b3f, org.springframework.security.web.authentication.logout.LogoutFilter@702e21c, org.springframework.security.oauth2.server.resource.web.authentication.BearerTokenAuthenticationFilter@4d86f330, org.springframework.security.web.savedrequest.RequestCacheAwareFilter@466bf366, org.springframework.security.web.servletapi.SecurityContextHolderAwareRequestFilter@6441cff1, org.springframework.security.web.authentication.AnonymousAuthenticationFilter@1b641c97, org.springframework.security.web.session.SessionManagementFilter@3c20abd6, org.springframework.security.web.access.ExceptionTranslationFilter@3aebdb4, org.springframework.security.web.access.intercept.AuthorizationFilter@28901fe7]
2024-06-16 11:47:39,868 [INFO] org.springframework.boot.web.embedded.tomcat.TomcatWebServer [main] Tomcat started on port 8080 (http) with context path '/'
2024-06-16 11:47:39,883 [INFO] com.racha.restdev.RestdevApplication [main] Started RestdevApplication in 7.294 seconds (process running for 7.812)
2024-06-16 11:47:40,448 [INFO] org.apache.catalina.core.ContainerBase.[Tomcat].[localhost].[/] [http-nio-8080-exec-1] Initializing Spring DispatcherServlet 'dispatcherServlet'
2024-06-16 11:47:40,449 [INFO] org.springframework.web.servlet.DispatcherServlet [http-nio-8080-exec-1] Initializing Servlet 'dispatcherServlet'
2024-06-16 11:47:40,451 [INFO] org.springframework.web.servlet.DispatcherServlet [http-nio-8080-exec-1] Completed initialization in 2 ms
2024-06-16 11:47:41,926 [INFO] org.springdoc.api.AbstractOpenApiResource [http-nio-8080-exec-9] Init duration for springdoc-openapi is: 467 ms
2024-06-16 11:47:57,136 [INFO] com.racha.restdev.service.TokenService [http-nio-8080-exec-10] Generated token for user: user@user.com
2024-06-16 12:18:55,711 [INFO] com.racha.restdev.RestdevApplication [main] Starting RestdevApplication using Java 17.0.8 with PID 19880 (C:\Users\ratsh\OneDrive\Documents\vs code\webapp\Restdev 01\target\classes started by ratsh in C:\Users\ratsh\OneDrive\Documents\vs code\webapp\Restdev 01)
2024-06-16 12:18:55,712 [DEBUG] com.racha.restdev.RestdevApplication [main] Running with Spring Boot v3.3.0, Spring v6.1.8
2024-06-16 12:18:55,714 [INFO] com.racha.restdev.RestdevApplication [main] No active profile set, falling back to 1 default profile: "default"
2024-06-16 12:18:56,746 [INFO] org.springframework.data.repository.config.RepositoryConfigurationDelegate [main] Bootstrapping Spring Data JPA repositories in DEFAULT mode.
2024-06-16 12:18:56,847 [INFO] org.springframework.data.repository.config.RepositoryConfigurationDelegate [main] Finished Spring Data repository scanning in 89 ms. Found 3 JPA repository interfaces.
2024-06-16 12:18:57,652 [INFO] org.springframework.boot.web.embedded.tomcat.TomcatWebServer [main] Tomcat initialized with port 8080 (http)
2024-06-16 12:18:57,663 [INFO] org.apache.catalina.core.StandardService [main] Starting service [Tomcat]
2024-06-16 12:18:57,663 [INFO] org.apache.catalina.core.StandardEngine [main] Starting Servlet engine: [Apache Tomcat/10.1.24]
2024-06-16 12:18:57,755 [INFO] org.apache.catalina.core.ContainerBase.[Tomcat].[localhost].[/] [main] Initializing Spring embedded WebApplicationContext
2024-06-16 12:18:57,756 [INFO] org.springframework.boot.web.servlet.context.ServletWebServerApplicationContext [main] Root WebApplicationContext: initialization completed in 1978 ms
2024-06-16 12:18:57,798 [INFO] com.zaxxer.hikari.HikariDataSource [main] HikariPool-1 - Starting...
2024-06-16 12:18:58,226 [INFO] com.zaxxer.hikari.pool.HikariPool [main] HikariPool-1 - Added connection conn0: url=jdbc:h2:file:./db/db user=ADMIN
2024-06-16 12:18:58,229 [INFO] com.zaxxer.hikari.HikariDataSource [main] HikariPool-1 - Start completed.
2024-06-16 12:18:58,246 [INFO] org.springframework.boot.autoconfigure.h2.H2ConsoleAutoConfiguration [main] H2 console available at '/db-console'. Database available at 'jdbc:h2:file:./db/db'
2024-06-16 12:18:58,455 [INFO] org.hibernate.jpa.internal.util.LogHelper [main] HHH000204: Processing PersistenceUnitInfo [name: default]
2024-06-16 12:18:58,542 [INFO] org.hibernate.Version [main] HHH000412: Hibernate ORM core version 6.5.2.Final
2024-06-16 12:18:58,597 [INFO] org.hibernate.cache.internal.RegionFactoryInitiator [main] HHH000026: Second-level cache disabled
2024-06-16 12:18:58,930 [INFO] org.springframework.orm.jpa.persistenceunit.SpringPersistenceUnitInfo [main] No LoadTimeWeaver setup: ignoring JPA class transformer
2024-06-16 12:18:58,979 [WARN] org.hibernate.orm.deprecation [main] HHH90000025: H2Dialect does not need to be specified explicitly using 'hibernate.dialect' (remove the property setting and it will be selected by default)
2024-06-16 12:18:59,818 [INFO] org.hibernate.engine.transaction.jta.platform.internal.JtaPlatformInitiator [main] HHH000489: No JTA platform available (set 'hibernate.transaction.jta.platform' to enable JTA platform integration)
2024-06-16 12:18:59,872 [INFO] org.springframework.orm.jpa.LocalContainerEntityManagerFactoryBean [main] Initialized JPA EntityManagerFactory for persistence unit 'default'
2024-06-16 12:19:00,997 [WARN] org.springframework.boot.autoconfigure.orm.jpa.JpaBaseConfiguration$JpaWebConfiguration [main] spring.jpa.open-in-view is enabled by default. Therefore, database queries may be performed during view rendering. Explicitly configure spring.jpa.open-in-view to disable this warning
2024-06-16 12:19:01,029 [INFO] org.springframework.security.config.annotation.authentication.configuration.InitializeUserDetailsBeanManagerConfigurer$InitializeUserDetailsManagerConfigurer [main] Global AuthenticationManager configured with UserDetailsService bean with name accountService
2024-06-16 12:19:01,529 [INFO] org.springframework.security.web.DefaultSecurityFilterChain [main] Will secure any request with [org.springframework.security.web.session.DisableEncodeUrlFilter@159a32a4, org.springframework.security.web.context.request.async.WebAsyncManagerIntegrationFilter@4ceb368b, org.springframework.security.web.context.SecurityContextHolderFilter@ec67be1, org.springframework.security.web.header.HeaderWriterFilter@53850535, org.springframework.web.filter.CorsFilter@1ddc5857, org.springframework.security.web.authentication.logout.LogoutFilter@66694050, org.springframework.security.oauth2.server.resource.web.authentication.BearerTokenAuthenticationFilter@15e881c0, org.springframework.security.web.savedrequest.RequestCacheAwareFilter@347f0950, org.springframework.security.web.servletapi.SecurityContextHolderAwareRequestFilter@507e3e77, org.springframework.security.web.authentication.AnonymousAuthenticationFilter@6f0df74, org.springframework.security.web.session.SessionManagementFilter@41c56930, org.springframework.security.web.access.ExceptionTranslationFilter@56afbace, org.springframework.security.web.access.intercept.AuthorizationFilter@5cb3cfef]
2024-06-16 12:19:01,871 [INFO] org.springframework.boot.web.embedded.tomcat.TomcatWebServer [main] Tomcat started on port 8080 (http) with context path '/'
2024-06-16 12:19:01,886 [INFO] com.racha.restdev.RestdevApplication [main] Started RestdevApplication in 6.665 seconds (process running for 7.079)
2024-06-16 12:19:02,024 [INFO] org.apache.catalina.core.ContainerBase.[Tomcat].[localhost].[/] [http-nio-8080-exec-1] Initializing Spring DispatcherServlet 'dispatcherServlet'
2024-06-16 12:19:02,025 [INFO] org.springframework.web.servlet.DispatcherServlet [http-nio-8080-exec-1] Initializing Servlet 'dispatcherServlet'
2024-06-16 12:19:02,028 [INFO] org.springframework.web.servlet.DispatcherServlet [http-nio-8080-exec-1] Completed initialization in 1 ms
2024-06-16 12:19:03,722 [INFO] org.springdoc.api.AbstractOpenApiResource [http-nio-8080-exec-5] Init duration for springdoc-openapi is: 556 ms
2024-06-16 12:19:22,067 [INFO] com.racha.restdev.service.TokenService [http-nio-8080-exec-6] Generated token for user: user@user.com
2024-06-16 12:25:39,984 [INFO] com.racha.restdev.service.TokenService [http-nio-8080-exec-3] Generated token for user: admin@admin.com
2024-06-16 12:31:46,862 [INFO] com.racha.restdev.RestdevApplication [main] Starting RestdevApplication using Java 17.0.8 with PID 12480 (C:\Users\ratsh\OneDrive\Documents\vs code\webapp\Restdev 01\target\classes started by ratsh in C:\Users\ratsh\OneDrive\Documents\vs code\webapp\Restdev 01)
2024-06-16 12:31:46,864 [DEBUG] com.racha.restdev.RestdevApplication [main] Running with Spring Boot v3.3.0, Spring v6.1.8
2024-06-16 12:31:46,866 [INFO] com.racha.restdev.RestdevApplication [main] No active profile set, falling back to 1 default profile: "default"
2024-06-16 12:31:47,918 [INFO] org.springframework.data.repository.config.RepositoryConfigurationDelegate [main] Bootstrapping Spring Data JPA repositories in DEFAULT mode.
2024-06-16 12:31:48,011 [INFO] org.springframework.data.repository.config.RepositoryConfigurationDelegate [main] Finished Spring Data repository scanning in 80 ms. Found 3 JPA repository interfaces.
2024-06-16 12:31:48,739 [INFO] org.springframework.boot.web.embedded.tomcat.TomcatWebServer [main] Tomcat initialized with port 8080 (http)
2024-06-16 12:31:48,745 [INFO] org.apache.catalina.core.StandardService [main] Starting service [Tomcat]
2024-06-16 12:31:48,752 [INFO] org.apache.catalina.core.StandardEngine [main] Starting Servlet engine: [Apache Tomcat/10.1.24]
2024-06-16 12:31:48,834 [INFO] org.apache.catalina.core.ContainerBase.[Tomcat].[localhost].[/] [main] Initializing Spring embedded WebApplicationContext
2024-06-16 12:31:48,836 [INFO] org.springframework.boot.web.servlet.context.ServletWebServerApplicationContext [main] Root WebApplicationContext: initialization completed in 1901 ms
2024-06-16 12:31:48,878 [INFO] com.zaxxer.hikari.HikariDataSource [main] HikariPool-1 - Starting...
2024-06-16 12:31:49,185 [INFO] com.zaxxer.hikari.pool.HikariPool [main] HikariPool-1 - Added connection conn0: url=jdbc:h2:file:./db/db user=ADMIN
2024-06-16 12:31:49,190 [INFO] com.zaxxer.hikari.HikariDataSource [main] HikariPool-1 - Start completed.
2024-06-16 12:31:49,210 [INFO] org.springframework.boot.autoconfigure.h2.H2ConsoleAutoConfiguration [main] H2 console available at '/db-console'. Database available at 'jdbc:h2:file:./db/db'
2024-06-16 12:31:49,373 [INFO] org.hibernate.jpa.internal.util.LogHelper [main] HHH000204: Processing PersistenceUnitInfo [name: default]
2024-06-16 12:31:49,449 [INFO] org.hibernate.Version [main] HHH000412: Hibernate ORM core version 6.5.2.Final
2024-06-16 12:31:49,497 [INFO] org.hibernate.cache.internal.RegionFactoryInitiator [main] HHH000026: Second-level cache disabled
2024-06-16 12:31:49,813 [INFO] org.springframework.orm.jpa.persistenceunit.SpringPersistenceUnitInfo [main] No LoadTimeWeaver setup: ignoring JPA class transformer
2024-06-16 12:31:49,863 [WARN] org.hibernate.orm.deprecation [main] HHH90000025: H2Dialect does not need to be specified explicitly using 'hibernate.dialect' (remove the property setting and it will be selected by default)
2024-06-16 12:31:50,838 [INFO] org.hibernate.engine.transaction.jta.platform.internal.JtaPlatformInitiator [main] HHH000489: No JTA platform available (set 'hibernate.transaction.jta.platform' to enable JTA platform integration)
2024-06-16 12:31:50,887 [INFO] org.springframework.orm.jpa.LocalContainerEntityManagerFactoryBean [main] Initialized JPA EntityManagerFactory for persistence unit 'default'
2024-06-16 12:31:51,811 [WARN] org.springframework.boot.autoconfigure.orm.jpa.JpaBaseConfiguration$JpaWebConfiguration [main] spring.jpa.open-in-view is enabled by default. Therefore, database queries may be performed during view rendering. Explicitly configure spring.jpa.open-in-view to disable this warning
2024-06-16 12:31:51,850 [INFO] org.springframework.security.config.annotation.authentication.configuration.InitializeUserDetailsBeanManagerConfigurer$InitializeUserDetailsManagerConfigurer [main] Global AuthenticationManager configured with UserDetailsService bean with name accountService
2024-06-16 12:31:52,277 [INFO] org.springframework.security.web.DefaultSecurityFilterChain [main] Will secure any request with [org.springframework.security.web.session.DisableEncodeUrlFilter@5c450960, org.springframework.security.web.context.request.async.WebAsyncManagerIntegrationFilter@7c5fbde4, org.springframework.security.web.context.SecurityContextHolderFilter@46059b73, org.springframework.security.web.header.HeaderWriterFilter@21d561c9, org.springframework.web.filter.CorsFilter@7021bb55, org.springframework.security.web.authentication.logout.LogoutFilter@68a1bb31, org.springframework.security.oauth2.server.resource.web.authentication.BearerTokenAuthenticationFilter@6b6cf3c1, org.springframework.security.web.savedrequest.RequestCacheAwareFilter@6bb46040, org.springframework.security.web.servletapi.SecurityContextHolderAwareRequestFilter@5ab1107d, org.springframework.security.web.authentication.AnonymousAuthenticationFilter@6023b54f, org.springframework.security.web.session.SessionManagementFilter@113a89c5, org.springframework.security.web.access.ExceptionTranslationFilter@380cd266, org.springframework.security.web.access.intercept.AuthorizationFilter@6bca6c4c]
2024-06-16 12:31:52,602 [INFO] org.springframework.boot.web.embedded.tomcat.TomcatWebServer [main] Tomcat started on port 8080 (http) with context path '/'
2024-06-16 12:31:52,615 [INFO] com.racha.restdev.RestdevApplication [main] Started RestdevApplication in 6.193 seconds (process running for 6.585)
2024-06-16 12:32:30,927 [INFO] org.apache.catalina.core.ContainerBase.[Tomcat].[localhost].[/] [http-nio-8080-exec-1] Initializing Spring DispatcherServlet 'dispatcherServlet'
2024-06-16 12:32:30,927 [INFO] org.springframework.web.servlet.DispatcherServlet [http-nio-8080-exec-1] Initializing Servlet 'dispatcherServlet'
2024-06-16 12:32:30,929 [INFO] org.springframework.web.servlet.DispatcherServlet [http-nio-8080-exec-1] Completed initialization in 2 ms
2024-06-16 12:32:32,434 [INFO] org.springdoc.api.AbstractOpenApiResource [http-nio-8080-exec-7] Init duration for springdoc-openapi is: 532 ms
2024-06-16 12:32:43,219 [INFO] com.racha.restdev.service.TokenService [http-nio-8080-exec-4] Generated token for user: user@user.com
2024-06-16 12:38:33,597 [INFO] com.racha.restdev.RestdevApplication [main] Starting RestdevApplication using Java 17.0.8 with PID 17380 (C:\Users\ratsh\OneDrive\Documents\vs code\webapp\Restdev 01\target\classes started by ratsh in C:\Users\ratsh\OneDrive\Documents\vs code\webapp\Restdev 01)
2024-06-16 12:38:33,599 [DEBUG] com.racha.restdev.RestdevApplication [main] Running with Spring Boot v3.3.0, Spring v6.1.8
2024-06-16 12:38:33,601 [INFO] com.racha.restdev.RestdevApplication [main] No active profile set, falling back to 1 default profile: "default"
2024-06-16 12:38:34,617 [INFO] org.springframework.data.repository.config.RepositoryConfigurationDelegate [main] Bootstrapping Spring Data JPA repositories in DEFAULT mode.
2024-06-16 12:38:34,737 [INFO] org.springframework.data.repository.config.RepositoryConfigurationDelegate [main] Finished Spring Data repository scanning in 109 ms. Found 3 JPA repository interfaces.
2024-06-16 12:38:35,443 [INFO] org.springframework.boot.web.embedded.tomcat.TomcatWebServer [main] Tomcat initialized with port 8080 (http)
2024-06-16 12:38:35,458 [INFO] org.apache.catalina.core.StandardService [main] Starting service [Tomcat]
2024-06-16 12:38:35,459 [INFO] org.apache.catalina.core.StandardEngine [main] Starting Servlet engine: [Apache Tomcat/10.1.24]
2024-06-16 12:38:35,536 [INFO] org.apache.catalina.core.ContainerBase.[Tomcat].[localhost].[/] [main] Initializing Spring embedded WebApplicationContext
2024-06-16 12:38:35,537 [INFO] org.springframework.boot.web.servlet.context.ServletWebServerApplicationContext [main] Root WebApplicationContext: initialization completed in 1873 ms
2024-06-16 12:38:35,577 [INFO] com.zaxxer.hikari.HikariDataSource [main] HikariPool-1 - Starting...
2024-06-16 12:38:35,850 [INFO] com.zaxxer.hikari.pool.HikariPool [main] HikariPool-1 - Added connection conn0: url=jdbc:h2:file:./db/db user=ADMIN
2024-06-16 12:38:35,850 [INFO] com.zaxxer.hikari.HikariDataSource [main] HikariPool-1 - Start completed.
2024-06-16 12:38:35,866 [INFO] org.springframework.boot.autoconfigure.h2.H2ConsoleAutoConfiguration [main] H2 console available at '/db-console'. Database available at 'jdbc:h2:file:./db/db'
2024-06-16 12:38:36,018 [INFO] org.hibernate.jpa.internal.util.LogHelper [main] HHH000204: Processing PersistenceUnitInfo [name: default]
2024-06-16 12:38:36,081 [INFO] org.hibernate.Version [main] HHH000412: Hibernate ORM core version 6.5.2.Final
2024-06-16 12:38:36,133 [INFO] org.hibernate.cache.internal.RegionFactoryInitiator [main] HHH000026: Second-level cache disabled
2024-06-16 12:38:36,467 [INFO] org.springframework.orm.jpa.persistenceunit.SpringPersistenceUnitInfo [main] No LoadTimeWeaver setup: ignoring JPA class transformer
2024-06-16 12:38:36,510 [WARN] org.hibernate.orm.deprecation [main] HHH90000025: H2Dialect does not need to be specified explicitly using 'hibernate.dialect' (remove the property setting and it will be selected by default)
2024-06-16 12:38:37,471 [INFO] org.hibernate.engine.transaction.jta.platform.internal.JtaPlatformInitiator [main] HHH000489: No JTA platform available (set 'hibernate.transaction.jta.platform' to enable JTA platform integration)
2024-06-16 12:38:37,527 [INFO] org.springframework.orm.jpa.LocalContainerEntityManagerFactoryBean [main] Initialized JPA EntityManagerFactory for persistence unit 'default'
2024-06-16 12:38:38,257 [WARN] org.springframework.boot.autoconfigure.orm.jpa.JpaBaseConfiguration$JpaWebConfiguration [main] spring.jpa.open-in-view is enabled by default. Therefore, database queries may be performed during view rendering. Explicitly configure spring.jpa.open-in-view to disable this warning
2024-06-16 12:38:38,280 [INFO] org.springframework.security.config.annotation.authentication.configuration.InitializeUserDetailsBeanManagerConfigurer$InitializeUserDetailsManagerConfigurer [main] Global AuthenticationManager configured with UserDetailsService bean with name accountService
2024-06-16 12:38:38,641 [INFO] org.springframework.security.web.DefaultSecurityFilterChain [main] Will secure any request with [org.springframework.security.web.session.DisableEncodeUrlFilter@7c5fbde4, org.springframework.security.web.context.request.async.WebAsyncManagerIntegrationFilter@7021bb55, org.springframework.security.web.context.SecurityContextHolderFilter@3b446d7, org.springframework.security.web.header.HeaderWriterFilter@752e50c6, org.springframework.web.filter.CorsFilter@6023b54f, org.springframework.security.web.authentication.logout.LogoutFilter@344f4a82, org.springframework.security.oauth2.server.resource.web.authentication.BearerTokenAuthenticationFilter@702e21c, org.springframework.security.web.savedrequest.RequestCacheAwareFilter@2b71a12e, org.springframework.security.web.servletapi.SecurityContextHolderAwareRequestFilter@671561b9, org.springframework.security.web.authentication.AnonymousAuthenticationFilter@14d9ae22, org.springframework.security.web.session.SessionManagementFilter@55da6bf, org.springframework.security.web.access.ExceptionTranslationFilter@4b477121, org.springframework.security.web.access.intercept.AuthorizationFilter@7de2c19c]
2024-06-16 12:38:38,970 [INFO] org.springframework.boot.web.embedded.tomcat.TomcatWebServer [main] Tomcat started on port 8080 (http) with context path '/'
2024-06-16 12:38:38,981 [INFO] com.racha.restdev.RestdevApplication [main] Started RestdevApplication in 5.848 seconds (process running for 6.328)
2024-06-16 12:38:50,146 [INFO] org.apache.catalina.core.ContainerBase.[Tomcat].[localhost].[/] [http-nio-8080-exec-1] Initializing Spring DispatcherServlet 'dispatcherServlet'
2024-06-16 12:38:50,147 [INFO] org.springframework.web.servlet.DispatcherServlet [http-nio-8080-exec-1] Initializing Servlet 'dispatcherServlet'
2024-06-16 12:38:50,149 [INFO] org.springframework.web.servlet.DispatcherServlet [http-nio-8080-exec-1] Completed initialization in 1 ms
2024-06-16 12:38:51,570 [INFO] org.springdoc.api.AbstractOpenApiResource [http-nio-8080-exec-5] Init duration for springdoc-openapi is: 473 ms
2024-06-16 12:39:06,323 [INFO] com.racha.restdev.RestdevApplication [main] Starting RestdevApplication using Java 17.0.8 with PID 4056 (C:\Users\ratsh\OneDrive\Documents\vs code\webapp\Restdev 01\target\classes started by ratsh in C:\Users\ratsh\OneDrive\Documents\vs code\webapp\Restdev 01)
2024-06-16 12:39:06,325 [DEBUG] com.racha.restdev.RestdevApplication [main] Running with Spring Boot v3.3.0, Spring v6.1.8
2024-06-16 12:39:06,328 [INFO] com.racha.restdev.RestdevApplication [main] No active profile set, falling back to 1 default profile: "default"
2024-06-16 12:39:07,294 [INFO] org.springframework.data.repository.config.RepositoryConfigurationDelegate [main] Bootstrapping Spring Data JPA repositories in DEFAULT mode.
2024-06-16 12:39:07,386 [INFO] org.springframework.data.repository.config.RepositoryConfigurationDelegate [main] Finished Spring Data repository scanning in 82 ms. Found 3 JPA repository interfaces.
2024-06-16 12:39:08,052 [INFO] org.springframework.boot.web.embedded.tomcat.TomcatWebServer [main] Tomcat initialized with port 8080 (http)
2024-06-16 12:39:08,059 [INFO] org.apache.catalina.core.StandardService [main] Starting service [Tomcat]
2024-06-16 12:39:08,059 [INFO] org.apache.catalina.core.StandardEngine [main] Starting Servlet engine: [Apache Tomcat/10.1.24]
2024-06-16 12:39:08,137 [INFO] org.apache.catalina.core.ContainerBase.[Tomcat].[localhost].[/] [main] Initializing Spring embedded WebApplicationContext
2024-06-16 12:39:08,137 [INFO] org.springframework.boot.web.servlet.context.ServletWebServerApplicationContext [main] Root WebApplicationContext: initialization completed in 1742 ms
2024-06-16 12:39:08,177 [INFO] com.zaxxer.hikari.HikariDataSource [main] HikariPool-1 - Starting...
2024-06-16 12:39:08,441 [INFO] com.zaxxer.hikari.pool.HikariPool [main] HikariPool-1 - Added connection conn0: url=jdbc:h2:file:./db/db user=ADMIN
2024-06-16 12:39:08,443 [INFO] com.zaxxer.hikari.HikariDataSource [main] HikariPool-1 - Start completed.
2024-06-16 12:39:08,458 [INFO] org.springframework.boot.autoconfigure.h2.H2ConsoleAutoConfiguration [main] H2 console available at '/db-console'. Database available at 'jdbc:h2:file:./db/db'
2024-06-16 12:39:08,605 [INFO] org.hibernate.jpa.internal.util.LogHelper [main] HHH000204: Processing PersistenceUnitInfo [name: default]
2024-06-16 12:39:08,674 [INFO] org.hibernate.Version [main] HHH000412: Hibernate ORM core version 6.5.2.Final
2024-06-16 12:39:08,718 [INFO] org.hibernate.cache.internal.RegionFactoryInitiator [main] HHH000026: Second-level cache disabled
2024-06-16 12:39:09,133 [INFO] org.springframework.orm.jpa.persistenceunit.SpringPersistenceUnitInfo [main] No LoadTimeWeaver setup: ignoring JPA class transformer
2024-06-16 12:39:09,195 [WARN] org.hibernate.orm.deprecation [main] HHH90000025: H2Dialect does not need to be specified explicitly using 'hibernate.dialect' (remove the property setting and it will be selected by default)
2024-06-16 12:39:10,189 [INFO] org.hibernate.engine.transaction.jta.platform.internal.JtaPlatformInitiator [main] HHH000489: No JTA platform available (set 'hibernate.transaction.jta.platform' to enable JTA platform integration)
2024-06-16 12:39:10,237 [INFO] org.springframework.orm.jpa.LocalContainerEntityManagerFactoryBean [main] Initialized JPA EntityManagerFactory for persistence unit 'default'
2024-06-16 12:39:11,353 [WARN] org.springframework.boot.autoconfigure.orm.jpa.JpaBaseConfiguration$JpaWebConfiguration [main] spring.jpa.open-in-view is enabled by default. Therefore, database queries may be performed during view rendering. Explicitly configure spring.jpa.open-in-view to disable this warning
2024-06-16 12:39:11,375 [INFO] org.springframework.security.config.annotation.authentication.configuration.InitializeUserDetailsBeanManagerConfigurer$InitializeUserDetailsManagerConfigurer [main] Global AuthenticationManager configured with UserDetailsService bean with name accountService
2024-06-16 12:39:11,731 [INFO] org.springframework.security.web.DefaultSecurityFilterChain [main] Will secure any request with [org.springframework.security.web.session.DisableEncodeUrlFilter@4ceb368b, org.springframework.security.web.context.request.async.WebAsyncManagerIntegrationFilter@1ddc5857, org.springframework.security.web.context.SecurityContextHolderFilter@64a00fe0, org.springframework.security.web.header.HeaderWriterFilter@19565b5, org.springframework.web.filter.CorsFilter@6f0df74, org.springframework.security.web.authentication.logout.LogoutFilter@39303a6, org.springframework.security.oauth2.server.resource.web.authentication.BearerTokenAuthenticationFilter@68ee7b3b, org.springframework.security.web.savedrequest.RequestCacheAwareFilter@5ab1107d, org.springframework.security.web.servletapi.SecurityContextHolderAwareRequestFilter@73796ae5, org.springframework.security.web.authentication.AnonymousAuthenticationFilter@42bbd21c, org.springframework.security.web.session.SessionManagementFilter@60660d21, org.springframework.security.web.access.ExceptionTranslationFilter@40dcbf7, org.springframework.security.web.access.intercept.AuthorizationFilter@eb77241]
2024-06-16 12:39:12,057 [INFO] org.springframework.boot.web.embedded.tomcat.TomcatWebServer [main] Tomcat started on port 8080 (http) with context path '/'
2024-06-16 12:39:12,071 [INFO] com.racha.restdev.RestdevApplication [main] Started RestdevApplication in 6.172 seconds (process running for 6.566)
2024-06-16 12:59:55,003 [INFO] org.apache.catalina.core.ContainerBase.[Tomcat].[localhost].[/] [http-nio-8080-exec-1] Initializing Spring DispatcherServlet 'dispatcherServlet'
2024-06-16 12:59:55,005 [INFO] org.springframework.web.servlet.DispatcherServlet [http-nio-8080-exec-1] Initializing Servlet 'dispatcherServlet'
2024-06-16 12:59:55,007 [INFO] org.springframework.web.servlet.DispatcherServlet [http-nio-8080-exec-1] Completed initialization in 2 ms
2024-06-16 13:00:24,900 [WARN] org.springframework.web.servlet.mvc.support.DefaultHandlerExceptionResolver [http-nio-8080-exec-2] Resolved [org.springframework.web.HttpRequestMethodNotSupportedException: Request method 'GET' is not supported]
2024-06-16 13:00:27,122 [WARN] org.springframework.web.servlet.mvc.support.DefaultHandlerExceptionResolver [http-nio-8080-exec-3] Resolved [org.springframework.web.HttpRequestMethodNotSupportedException: Request method 'GET' is not supported]
2024-06-16 13:04:45,904 [WARN] org.springframework.web.servlet.mvc.support.DefaultHandlerExceptionResolver [http-nio-8080-exec-6] Resolved [org.springframework.web.HttpRequestMethodNotSupportedException: Request method 'GET' is not supported]
2024-06-16 13:05:27,838 [WARN] org.springframework.web.servlet.mvc.support.DefaultHandlerExceptionResolver [http-nio-8080-exec-4] Resolved [org.springframework.web.HttpRequestMethodNotSupportedException: Request method 'GET' is not supported]
2024-06-16 13:08:10,471 [INFO] com.racha.restdev.RestdevApplication [main] Starting RestdevApplication using Java 17.0.8 with PID 9776 (C:\Users\ratsh\OneDrive\Documents\vs code\webapp\Restdev 01\target\classes started by ratsh in C:\Users\ratsh\OneDrive\Documents\vs code\webapp\Restdev 01)
2024-06-16 13:08:10,475 [DEBUG] com.racha.restdev.RestdevApplication [main] Running with Spring Boot v3.3.0, Spring v6.1.8
2024-06-16 13:08:10,475 [INFO] com.racha.restdev.RestdevApplication [main] No active profile set, falling back to 1 default profile: "default"
2024-06-16 13:08:11,554 [INFO] org.springframework.data.repository.config.RepositoryConfigurationDelegate [main] Bootstrapping Spring Data JPA repositories in DEFAULT mode.
2024-06-16 13:08:11,662 [INFO] org.springframework.data.repository.config.RepositoryConfigurationDelegate [main] Finished Spring Data repository scanning in 96 ms. Found 3 JPA repository interfaces.
2024-06-16 13:08:12,502 [INFO] org.springframework.boot.web.embedded.tomcat.TomcatWebServer [main] Tomcat initialized with port 8080 (http)
2024-06-16 13:08:12,521 [INFO] org.apache.catalina.core.StandardService [main] Starting service [Tomcat]
2024-06-16 13:08:12,522 [INFO] org.apache.catalina.core.StandardEngine [main] Starting Servlet engine: [Apache Tomcat/10.1.24]
2024-06-16 13:08:12,609 [INFO] org.apache.catalina.core.ContainerBase.[Tomcat].[localhost].[/] [main] Initializing Spring embedded WebApplicationContext
2024-06-16 13:08:12,609 [INFO] org.springframework.boot.web.servlet.context.ServletWebServerApplicationContext [main] Root WebApplicationContext: initialization completed in 2063 ms
2024-06-16 13:08:12,653 [INFO] com.zaxxer.hikari.HikariDataSource [main] HikariPool-1 - Starting...
2024-06-16 13:08:12,960 [INFO] com.zaxxer.hikari.pool.HikariPool [main] HikariPool-1 - Added connection conn0: url=jdbc:h2:file:./db/db user=ADMIN
2024-06-16 13:08:12,964 [INFO] com.zaxxer.hikari.HikariDataSource [main] HikariPool-1 - Start completed.
2024-06-16 13:08:12,979 [INFO] org.springframework.boot.autoconfigure.h2.H2ConsoleAutoConfiguration [main] H2 console available at '/db-console'. Database available at 'jdbc:h2:file:./db/db'
2024-06-16 13:08:13,167 [INFO] org.hibernate.jpa.internal.util.LogHelper [main] HHH000204: Processing PersistenceUnitInfo [name: default]
2024-06-16 13:08:13,243 [INFO] org.hibernate.Version [main] HHH000412: Hibernate ORM core version 6.5.2.Final
2024-06-16 13:08:13,281 [INFO] org.hibernate.cache.internal.RegionFactoryInitiator [main] HHH000026: Second-level cache disabled
2024-06-16 13:08:13,641 [INFO] org.springframework.orm.jpa.persistenceunit.SpringPersistenceUnitInfo [main] No LoadTimeWeaver setup: ignoring JPA class transformer
2024-06-16 13:08:13,708 [WARN] org.hibernate.orm.deprecation [main] HHH90000025: H2Dialect does not need to be specified explicitly using 'hibernate.dialect' (remove the property setting and it will be selected by default)
2024-06-16 13:08:14,941 [INFO] org.hibernate.engine.transaction.jta.platform.internal.JtaPlatformInitiator [main] HHH000489: No JTA platform available (set 'hibernate.transaction.jta.platform' to enable JTA platform integration)
2024-06-16 13:08:14,998 [INFO] org.springframework.orm.jpa.LocalContainerEntityManagerFactoryBean [main] Initialized JPA EntityManagerFactory for persistence unit 'default'
2024-06-16 13:08:15,875 [WARN] org.springframework.boot.autoconfigure.orm.jpa.JpaBaseConfiguration$JpaWebConfiguration [main] spring.jpa.open-in-view is enabled by default. Therefore, database queries may be performed during view rendering. Explicitly configure spring.jpa.open-in-view to disable this warning
2024-06-16 13:08:15,893 [INFO] org.springframework.security.config.annotation.authentication.configuration.InitializeUserDetailsBeanManagerConfigurer$InitializeUserDetailsManagerConfigurer [main] Global AuthenticationManager configured with UserDetailsService bean with name accountService
2024-06-16 13:08:16,252 [INFO] org.springframework.security.web.DefaultSecurityFilterChain [main] Will secure any request with [org.springframework.security.web.session.DisableEncodeUrlFilter@77737e3e, org.springframework.security.web.context.request.async.WebAsyncManagerIntegrationFilter@42e32feb, org.springframework.security.web.context.SecurityContextHolderFilter@407ff25f, org.springframework.security.web.header.HeaderWriterFilter@25dacc5a, org.springframework.web.filter.CorsFilter@3652dd19, org.springframework.security.web.authentication.logout.LogoutFilter@466bf366, org.springframework.security.oauth2.server.resource.web.authentication.BearerTokenAuthenticationFilter@197da701, org.springframework.security.web.savedrequest.RequestCacheAwareFilter@113a89c5, org.springframework.security.web.servletapi.SecurityContextHolderAwareRequestFilter@60660d21, org.springframework.security.web.authentication.AnonymousAuthenticationFilter@6b6cf3c1, org.springframework.security.web.session.SessionManagementFilter@53850535, org.springframework.security.web.access.ExceptionTranslationFilter@292b7a02, org.springframework.security.web.access.intercept.AuthorizationFilter@2d7df55]
2024-06-16 13:08:16,557 [INFO] org.springframework.boot.web.embedded.tomcat.TomcatWebServer [main] Tomcat started on port 8080 (http) with context path '/'
2024-06-16 13:08:16,575 [INFO] com.racha.restdev.RestdevApplication [main] Started RestdevApplication in 6.583 seconds (process running for 6.967)
2024-06-16 13:08:20,768 [INFO] org.apache.catalina.core.ContainerBase.[Tomcat].[localhost].[/] [http-nio-8080-exec-1] Initializing Spring DispatcherServlet 'dispatcherServlet'
2024-06-16 13:08:20,769 [INFO] org.springframework.web.servlet.DispatcherServlet [http-nio-8080-exec-1] Initializing Servlet 'dispatcherServlet'
2024-06-16 13:08:20,770 [INFO] org.springframework.web.servlet.DispatcherServlet [http-nio-8080-exec-1] Completed initialization in 1 ms
2024-06-16 13:08:22,473 [INFO] org.springdoc.api.AbstractOpenApiResource [http-nio-8080-exec-7] Init duration for springdoc-openapi is: 526 ms
2024-06-16 13:08:35,229 [INFO] com.racha.restdev.service.TokenService [http-nio-8080-exec-6] Generated token for user: user@user.com
2024-06-16 13:21:59,432 [INFO] com.racha.restdev.RestdevApplication [main] Starting RestdevApplication using Java 17.0.8 with PID 18192 (C:\Users\ratsh\OneDrive\Documents\vs code\webapp\Restdev 01\target\classes started by ratsh in C:\Users\ratsh\OneDrive\Documents\vs code\webapp\Restdev 01)
2024-06-16 13:21:59,433 [DEBUG] com.racha.restdev.RestdevApplication [main] Running with Spring Boot v3.3.0, Spring v6.1.8
2024-06-16 13:21:59,434 [INFO] com.racha.restdev.RestdevApplication [main] No active profile set, falling back to 1 default profile: "default"
2024-06-16 13:22:00,485 [INFO] org.springframework.data.repository.config.RepositoryConfigurationDelegate [main] Bootstrapping Spring Data JPA repositories in DEFAULT mode.
2024-06-16 13:22:00,597 [INFO] org.springframework.data.repository.config.RepositoryConfigurationDelegate [main] Finished Spring Data repository scanning in 100 ms. Found 3 JPA repository interfaces.
2024-06-16 13:22:01,548 [INFO] org.springframework.boot.web.embedded.tomcat.TomcatWebServer [main] Tomcat initialized with port 8080 (http)
2024-06-16 13:22:01,566 [INFO] org.apache.catalina.core.StandardService [main] Starting service [Tomcat]
2024-06-16 13:22:01,566 [INFO] org.apache.catalina.core.StandardEngine [main] Starting Servlet engine: [Apache Tomcat/10.1.24]
2024-06-16 13:22:01,672 [INFO] org.apache.catalina.core.ContainerBase.[Tomcat].[localhost].[/] [main] Initializing Spring embedded WebApplicationContext
2024-06-16 13:22:01,673 [INFO] org.springframework.boot.web.servlet.context.ServletWebServerApplicationContext [main] Root WebApplicationContext: initialization completed in 2179 ms
2024-06-16 13:22:01,713 [INFO] com.zaxxer.hikari.HikariDataSource [main] HikariPool-1 - Starting...
2024-06-16 13:22:02,084 [INFO] com.zaxxer.hikari.pool.HikariPool [main] HikariPool-1 - Added connection conn0: url=jdbc:h2:file:./db/db user=ADMIN
2024-06-16 13:22:02,087 [INFO] com.zaxxer.hikari.HikariDataSource [main] HikariPool-1 - Start completed.
2024-06-16 13:22:02,107 [INFO] org.springframework.boot.autoconfigure.h2.H2ConsoleAutoConfiguration [main] H2 console available at '/db-console'. Database available at 'jdbc:h2:file:./db/db'
2024-06-16 13:22:02,331 [INFO] org.hibernate.jpa.internal.util.LogHelper [main] HHH000204: Processing PersistenceUnitInfo [name: default]
2024-06-16 13:22:02,435 [INFO] org.hibernate.Version [main] HHH000412: Hibernate ORM core version 6.5.2.Final
2024-06-16 13:22:02,495 [INFO] org.hibernate.cache.internal.RegionFactoryInitiator [main] HHH000026: Second-level cache disabled
2024-06-16 13:22:03,008 [INFO] org.springframework.orm.jpa.persistenceunit.SpringPersistenceUnitInfo [main] No LoadTimeWeaver setup: ignoring JPA class transformer
2024-06-16 13:22:03,079 [WARN] org.hibernate.orm.deprecation [main] HHH90000025: H2Dialect does not need to be specified explicitly using 'hibernate.dialect' (remove the property setting and it will be selected by default)
2024-06-16 13:22:04,127 [INFO] org.hibernate.engine.transaction.jta.platform.internal.JtaPlatformInitiator [main] HHH000489: No JTA platform available (set 'hibernate.transaction.jta.platform' to enable JTA platform integration)
2024-06-16 13:22:04,174 [INFO] org.springframework.orm.jpa.LocalContainerEntityManagerFactoryBean [main] Initialized JPA EntityManagerFactory for persistence unit 'default'
2024-06-16 13:22:05,096 [WARN] org.springframework.boot.autoconfigure.orm.jpa.JpaBaseConfiguration$JpaWebConfiguration [main] spring.jpa.open-in-view is enabled by default. Therefore, database queries may be performed during view rendering. Explicitly configure spring.jpa.open-in-view to disable this warning
2024-06-16 13:22:05,118 [INFO] org.springframework.security.config.annotation.authentication.configuration.InitializeUserDetailsBeanManagerConfigurer$InitializeUserDetailsManagerConfigurer [main] Global AuthenticationManager configured with UserDetailsService bean with name accountService
2024-06-16 13:22:05,475 [INFO] org.springframework.security.web.DefaultSecurityFilterChain [main] Will secure any request with [org.springframework.security.web.session.DisableEncodeUrlFilter@35fd03d9, org.springframework.security.web.context.request.async.WebAsyncManagerIntegrationFilter@77737e3e, org.springframework.security.web.context.SecurityContextHolderFilter@2ac7c683, org.springframework.security.web.header.HeaderWriterFilter@3e242137, org.springframework.web.filter.CorsFilter@42e32feb, org.springframework.security.web.authentication.logout.LogoutFilter@2c4eda3a, org.springframework.security.oauth2.server.resource.web.authentication.BearerTokenAuthenticationFilter@eb77241, org.springframework.security.web.savedrequest.RequestCacheAwareFilter@3ba8fbc8, org.springframework.security.web.servletapi.SecurityContextHolderAwareRequestFilter@41c56930, org.springframework.security.web.authentication.AnonymousAuthenticationFilter@3652dd19, org.springframework.security.web.session.SessionManagementFilter@40dcbf7, org.springframework.security.web.access.ExceptionTranslationFilter@167ccc3c, org.springframework.security.web.access.intercept.AuthorizationFilter@39303a6]
2024-06-16 13:22:05,805 [INFO] org.springframework.boot.web.embedded.tomcat.TomcatWebServer [main] Tomcat started on port 8080 (http) with context path '/'
2024-06-16 13:22:05,816 [INFO] com.racha.restdev.RestdevApplication [main] Started RestdevApplication in 6.847 seconds (process running for 7.253)
2024-06-16 13:22:18,821 [INFO] org.apache.catalina.core.ContainerBase.[Tomcat].[localhost].[/] [http-nio-8080-exec-1] Initializing Spring DispatcherServlet 'dispatcherServlet'
2024-06-16 13:22:18,822 [INFO] org.springframework.web.servlet.DispatcherServlet [http-nio-8080-exec-1] Initializing Servlet 'dispatcherServlet'
2024-06-16 13:22:18,823 [INFO] org.springframework.web.servlet.DispatcherServlet [http-nio-8080-exec-1] Completed initialization in 1 ms
2024-06-16 13:22:25,944 [INFO] org.springdoc.api.AbstractOpenApiResource [http-nio-8080-exec-6] Init duration for springdoc-openapi is: 551 ms
2024-06-16 13:22:37,778 [INFO] com.racha.restdev.service.TokenService [http-nio-8080-exec-7] Generated token for user: user@user.com
2024-06-16 13:45:13,364 [INFO] com.racha.restdev.RestdevApplication [main] Starting RestdevApplication using Java 17.0.8 with PID 14712 (C:\Users\ratsh\OneDrive\Documents\vs code\webapp\Restdev 01\target\classes started by ratsh in C:\Users\ratsh\OneDrive\Documents\vs code\webapp\Restdev 01)
2024-06-16 13:45:13,372 [DEBUG] com.racha.restdev.RestdevApplication [main] Running with Spring Boot v3.3.0, Spring v6.1.8
2024-06-16 13:45:13,374 [INFO] com.racha.restdev.RestdevApplication [main] No active profile set, falling back to 1 default profile: "default"
2024-06-16 13:45:14,491 [INFO] org.springframework.data.repository.config.RepositoryConfigurationDelegate [main] Bootstrapping Spring Data JPA repositories in DEFAULT mode.
2024-06-16 13:45:14,565 [INFO] org.springframework.data.repository.config.RepositoryConfigurationDelegate [main] Finished Spring Data repository scanning in 63 ms. Found 3 JPA repository interfaces.
2024-06-16 13:45:15,281 [INFO] org.springframework.boot.web.embedded.tomcat.TomcatWebServer [main] Tomcat initialized with port 8080 (http)
2024-06-16 13:45:15,294 [INFO] org.apache.catalina.core.StandardService [main] Starting service [Tomcat]
2024-06-16 13:45:15,296 [INFO] org.apache.catalina.core.StandardEngine [main] Starting Servlet engine: [Apache Tomcat/10.1.24]
2024-06-16 13:45:15,372 [INFO] org.apache.catalina.core.ContainerBase.[Tomcat].[localhost].[/] [main] Initializing Spring embedded WebApplicationContext
2024-06-16 13:45:15,374 [INFO] org.springframework.boot.web.servlet.context.ServletWebServerApplicationContext [main] Root WebApplicationContext: initialization completed in 1916 ms
2024-06-16 13:45:15,412 [INFO] com.zaxxer.hikari.HikariDataSource [main] HikariPool-1 - Starting...
2024-06-16 13:45:15,675 [INFO] com.zaxxer.hikari.pool.HikariPool [main] HikariPool-1 - Added connection conn0: url=jdbc:h2:file:./db/db user=ADMIN
2024-06-16 13:45:15,677 [INFO] com.zaxxer.hikari.HikariDataSource [main] HikariPool-1 - Start completed.
2024-06-16 13:45:15,684 [INFO] org.springframework.boot.autoconfigure.h2.H2ConsoleAutoConfiguration [main] H2 console available at '/db-console'. Database available at 'jdbc:h2:file:./db/db'
2024-06-16 13:45:15,828 [INFO] org.hibernate.jpa.internal.util.LogHelper [main] HHH000204: Processing PersistenceUnitInfo [name: default]
2024-06-16 13:45:15,891 [INFO] org.hibernate.Version [main] HHH000412: Hibernate ORM core version 6.5.2.Final
2024-06-16 13:45:15,923 [INFO] org.hibernate.cache.internal.RegionFactoryInitiator [main] HHH000026: Second-level cache disabled
2024-06-16 13:45:16,289 [INFO] org.springframework.orm.jpa.persistenceunit.SpringPersistenceUnitInfo [main] No LoadTimeWeaver setup: ignoring JPA class transformer
2024-06-16 13:45:16,365 [WARN] org.hibernate.orm.deprecation [main] HHH90000025: H2Dialect does not need to be specified explicitly using 'hibernate.dialect' (remove the property setting and it will be selected by default)
2024-06-16 13:45:17,455 [INFO] org.hibernate.engine.transaction.jta.platform.internal.JtaPlatformInitiator [main] HHH000489: No JTA platform available (set 'hibernate.transaction.jta.platform' to enable JTA platform integration)
2024-06-16 13:45:17,513 [INFO] org.springframework.orm.jpa.LocalContainerEntityManagerFactoryBean [main] Initialized JPA EntityManagerFactory for persistence unit 'default'
2024-06-16 13:45:18,448 [WARN] org.springframework.boot.autoconfigure.orm.jpa.JpaBaseConfiguration$JpaWebConfiguration [main] spring.jpa.open-in-view is enabled by default. Therefore, database queries may be performed during view rendering. Explicitly configure spring.jpa.open-in-view to disable this warning
2024-06-16 13:45:18,482 [INFO] org.springframework.security.config.annotation.authentication.configuration.InitializeUserDetailsBeanManagerConfigurer$InitializeUserDetailsManagerConfigurer [main] Global AuthenticationManager configured with UserDetailsService bean with name accountService
2024-06-16 13:45:18,850 [INFO] org.springframework.security.web.DefaultSecurityFilterChain [main] Will secure any request with [org.springframework.security.web.session.DisableEncodeUrlFilter@68ee7b3b, org.springframework.security.web.context.request.async.WebAsyncManagerIntegrationFilter@159a32a4, org.springframework.security.web.context.SecurityContextHolderFilter@2898c70d, org.springframework.security.web.header.HeaderWriterFilter@40dcbf7, org.springframework.web.filter.CorsFilter@4ceb368b, org.springframework.security.web.authentication.logout.LogoutFilter@cbd3871, org.springframework.security.oauth2.server.resource.web.authentication.BearerTokenAuthenticationFilter@14d9ae22, org.springframework.security.web.savedrequest.RequestCacheAwareFilter@64a00fe0, org.springframework.security.web.servletapi.SecurityContextHolderAwareRequestFilter@27563444, org.springframework.security.web.authentication.AnonymousAuthenticationFilter@1ddc5857, org.springframework.security.web.session.SessionManagementFilter@2b71a12e, org.springframework.security.web.access.ExceptionTranslationFilter@51806858, org.springframework.security.web.access.intercept.AuthorizationFilter@33f3ebfc]
2024-06-16 13:45:19,175 [INFO] org.springframework.boot.web.embedded.tomcat.TomcatWebServer [main] Tomcat started on port 8080 (http) with context path '/'
2024-06-16 13:45:19,180 [INFO] com.racha.restdev.RestdevApplication [main] Started RestdevApplication in 6.391 seconds (process running for 6.87)
2024-06-16 13:47:28,510 [INFO] com.racha.restdev.RestdevApplication [main] Starting RestdevApplication using Java 17.0.8 with PID 18044 (C:\Users\ratsh\OneDrive\Documents\vs code\webapp\Restdev 01\target\classes started by ratsh in C:\Users\ratsh\OneDrive\Documents\vs code\webapp\Restdev 01)
2024-06-16 13:47:28,513 [DEBUG] com.racha.restdev.RestdevApplication [main] Running with Spring Boot v3.3.0, Spring v6.1.8
2024-06-16 13:47:28,514 [INFO] com.racha.restdev.RestdevApplication [main] No active profile set, falling back to 1 default profile: "default"
2024-06-16 13:47:29,467 [INFO] org.springframework.data.repository.config.RepositoryConfigurationDelegate [main] Bootstrapping Spring Data JPA repositories in DEFAULT mode.
2024-06-16 13:47:29,551 [INFO] org.springframework.data.repository.config.RepositoryConfigurationDelegate [main] Finished Spring Data repository scanning in 75 ms. Found 3 JPA repository interfaces.
2024-06-16 13:47:30,276 [INFO] org.springframework.boot.web.embedded.tomcat.TomcatWebServer [main] Tomcat initialized with port 8080 (http)
2024-06-16 13:47:30,290 [INFO] org.apache.catalina.core.StandardService [main] Starting service [Tomcat]
2024-06-16 13:47:30,291 [INFO] org.apache.catalina.core.StandardEngine [main] Starting Servlet engine: [Apache Tomcat/10.1.24]
2024-06-16 13:47:30,390 [INFO] org.apache.catalina.core.ContainerBase.[Tomcat].[localhost].[/] [main] Initializing Spring embedded WebApplicationContext
2024-06-16 13:47:30,391 [INFO] org.springframework.boot.web.servlet.context.ServletWebServerApplicationContext [main] Root WebApplicationContext: initialization completed in 1815 ms
2024-06-16 13:47:30,442 [INFO] com.zaxxer.hikari.HikariDataSource [main] HikariPool-1 - Starting...
2024-06-16 13:47:30,703 [INFO] com.zaxxer.hikari.pool.HikariPool [main] HikariPool-1 - Added connection conn0: url=jdbc:h2:file:./db/db user=ADMIN
2024-06-16 13:47:30,703 [INFO] com.zaxxer.hikari.HikariDataSource [main] HikariPool-1 - Start completed.
2024-06-16 13:47:30,711 [INFO] org.springframework.boot.autoconfigure.h2.H2ConsoleAutoConfiguration [main] H2 console available at '/db-console'. Database available at 'jdbc:h2:file:./db/db'
2024-06-16 13:47:30,875 [INFO] org.hibernate.jpa.internal.util.LogHelper [main] HHH000204: Processing PersistenceUnitInfo [name: default]
2024-06-16 13:47:30,941 [INFO] org.hibernate.Version [main] HHH000412: Hibernate ORM core version 6.5.2.Final
2024-06-16 13:47:30,981 [INFO] org.hibernate.cache.internal.RegionFactoryInitiator [main] HHH000026: Second-level cache disabled
2024-06-16 13:47:31,334 [INFO] org.springframework.orm.jpa.persistenceunit.SpringPersistenceUnitInfo [main] No LoadTimeWeaver setup: ignoring JPA class transformer
2024-06-16 13:47:31,382 [WARN] org.hibernate.orm.deprecation [main] HHH90000025: H2Dialect does not need to be specified explicitly using 'hibernate.dialect' (remove the property setting and it will be selected by default)
2024-06-16 13:47:32,200 [INFO] org.hibernate.engine.transaction.jta.platform.internal.JtaPlatformInitiator [main] HHH000489: No JTA platform available (set 'hibernate.transaction.jta.platform' to enable JTA platform integration)
2024-06-16 13:47:32,253 [INFO] org.springframework.orm.jpa.LocalContainerEntityManagerFactoryBean [main] Initialized JPA EntityManagerFactory for persistence unit 'default'
2024-06-16 13:47:33,103 [WARN] org.springframework.boot.autoconfigure.orm.jpa.JpaBaseConfiguration$JpaWebConfiguration [main] spring.jpa.open-in-view is enabled by default. Therefore, database queries may be performed during view rendering. Explicitly configure spring.jpa.open-in-view to disable this warning
2024-06-16 13:47:33,122 [INFO] org.springframework.security.config.annotation.authentication.configuration.InitializeUserDetailsBeanManagerConfigurer$InitializeUserDetailsManagerConfigurer [main] Global AuthenticationManager configured with UserDetailsService bean with name accountService
2024-06-16 13:47:33,424 [INFO] org.springframework.security.web.DefaultSecurityFilterChain [main] Will secure any request with [org.springframework.security.web.session.DisableEncodeUrlFilter@15e881c0, org.springframework.security.web.context.request.async.WebAsyncManagerIntegrationFilter@68ee7b3b, org.springframework.security.web.context.SecurityContextHolderFilter@60660d21, org.springframework.security.web.header.HeaderWriterFilter@56afbace, org.springframework.web.filter.CorsFilter@159a32a4, org.springframework.security.web.authentication.logout.LogoutFilter@4f09d998, org.springframework.security.oauth2.server.resource.web.authentication.BearerTokenAuthenticationFilter@6023b54f, org.springframework.security.web.savedrequest.RequestCacheAwareFilter@ec67be1, org.springframework.security.web.servletapi.SecurityContextHolderAwareRequestFilter@516370c1, org.springframework.security.web.authentication.AnonymousAuthenticationFilter@4ceb368b, org.springframework.security.web.session.SessionManagementFilter@6bb46040, org.springframework.security.web.access.ExceptionTranslationFilter@5bd191c2, org.springframework.security.web.access.intercept.AuthorizationFilter@1851f19f]
2024-06-16 13:47:33,731 [INFO] org.springframework.boot.web.embedded.tomcat.TomcatWebServer [main] Tomcat started on port 8080 (http) with context path '/'
2024-06-16 13:47:33,745 [INFO] com.racha.restdev.RestdevApplication [main] Started RestdevApplication in 5.685 seconds (process running for 6.019)
2024-06-16 13:50:46,855 [INFO] org.apache.catalina.core.ContainerBase.[Tomcat].[localhost].[/] [http-nio-8080-exec-1] Initializing Spring DispatcherServlet 'dispatcherServlet'
2024-06-16 13:50:46,855 [INFO] org.springframework.web.servlet.DispatcherServlet [http-nio-8080-exec-1] Initializing Servlet 'dispatcherServlet'
2024-06-16 13:50:46,863 [INFO] org.springframework.web.servlet.DispatcherServlet [http-nio-8080-exec-1] Completed initialization in 8 ms
2024-06-16 13:50:48,647 [INFO] org.springdoc.api.AbstractOpenApiResource [http-nio-8080-exec-5] Init duration for springdoc-openapi is: 595 ms
2024-06-16 13:51:57,030 [INFO] com.racha.restdev.service.TokenService [http-nio-8080-exec-8] Generated token for user: racha@racha.com
2024-06-16 13:55:45,469 [INFO] com.racha.restdev.service.TokenService [http-nio-8080-exec-2] Generated token for user: user@user.com
2024-06-16 14:05:49,804 [INFO] com.racha.restdev.RestdevApplication [main] Starting RestdevApplication using Java 17.0.8 with PID 13572 (C:\Users\ratsh\OneDrive\Documents\vs code\webapp\Restdev 01\target\classes started by ratsh in C:\Users\ratsh\OneDrive\Documents\vs code\webapp\Restdev 01)
2024-06-16 14:05:49,806 [DEBUG] com.racha.restdev.RestdevApplication [main] Running with Spring Boot v3.3.0, Spring v6.1.8
2024-06-16 14:05:49,806 [INFO] com.racha.restdev.RestdevApplication [main] No active profile set, falling back to 1 default profile: "default"
2024-06-16 14:05:50,834 [INFO] org.springframework.data.repository.config.RepositoryConfigurationDelegate [main] Bootstrapping Spring Data JPA repositories in DEFAULT mode.
2024-06-16 14:05:50,933 [INFO] org.springframework.data.repository.config.RepositoryConfigurationDelegate [main] Finished Spring Data repository scanning in 89 ms. Found 3 JPA repository interfaces.
2024-06-16 14:05:51,656 [INFO] org.springframework.boot.web.embedded.tomcat.TomcatWebServer [main] Tomcat initialized with port 8080 (http)
2024-06-16 14:05:51,665 [INFO] org.apache.catalina.core.StandardService [main] Starting service [Tomcat]
2024-06-16 14:05:51,665 [INFO] org.apache.catalina.core.StandardEngine [main] Starting Servlet engine: [Apache Tomcat/10.1.24]
2024-06-16 14:05:51,743 [INFO] org.apache.catalina.core.ContainerBase.[Tomcat].[localhost].[/] [main] Initializing Spring embedded WebApplicationContext
2024-06-16 14:05:51,744 [INFO] org.springframework.boot.web.servlet.context.ServletWebServerApplicationContext [main] Root WebApplicationContext: initialization completed in 1855 ms
2024-06-16 14:05:51,776 [INFO] com.zaxxer.hikari.HikariDataSource [main] HikariPool-1 - Starting...
2024-06-16 14:05:52,038 [INFO] com.zaxxer.hikari.pool.HikariPool [main] HikariPool-1 - Added connection conn0: url=jdbc:h2:file:./db/db user=ADMIN
2024-06-16 14:05:52,044 [INFO] com.zaxxer.hikari.HikariDataSource [main] HikariPool-1 - Start completed.
2024-06-16 14:05:52,049 [INFO] org.springframework.boot.autoconfigure.h2.H2ConsoleAutoConfiguration [main] H2 console available at '/db-console'. Database available at 'jdbc:h2:file:./db/db'
2024-06-16 14:05:52,235 [INFO] org.hibernate.jpa.internal.util.LogHelper [main] HHH000204: Processing PersistenceUnitInfo [name: default]
2024-06-16 14:05:52,302 [INFO] org.hibernate.Version [main] HHH000412: Hibernate ORM core version 6.5.2.Final
2024-06-16 14:05:52,342 [INFO] org.hibernate.cache.internal.RegionFactoryInitiator [main] HHH000026: Second-level cache disabled
2024-06-16 14:05:52,692 [INFO] org.springframework.orm.jpa.persistenceunit.SpringPersistenceUnitInfo [main] No LoadTimeWeaver setup: ignoring JPA class transformer
2024-06-16 14:05:52,761 [WARN] org.hibernate.orm.deprecation [main] HHH90000025: H2Dialect does not need to be specified explicitly using 'hibernate.dialect' (remove the property setting and it will be selected by default)
2024-06-16 14:05:53,709 [INFO] org.hibernate.engine.transaction.jta.platform.internal.JtaPlatformInitiator [main] HHH000489: No JTA platform available (set 'hibernate.transaction.jta.platform' to enable JTA platform integration)
2024-06-16 14:05:53,769 [INFO] org.springframework.orm.jpa.LocalContainerEntityManagerFactoryBean [main] Initialized JPA EntityManagerFactory for persistence unit 'default'
2024-06-16 14:05:54,586 [WARN] org.springframework.boot.autoconfigure.orm.jpa.JpaBaseConfiguration$JpaWebConfiguration [main] spring.jpa.open-in-view is enabled by default. Therefore, database queries may be performed during view rendering. Explicitly configure spring.jpa.open-in-view to disable this warning
2024-06-16 14:05:54,616 [INFO] org.springframework.security.config.annotation.authentication.configuration.InitializeUserDetailsBeanManagerConfigurer$InitializeUserDetailsManagerConfigurer [main] Global AuthenticationManager configured with UserDetailsService bean with name accountService
2024-06-16 14:05:54,949 [INFO] org.springframework.security.web.DefaultSecurityFilterChain [main] Will secure any request with [org.springframework.security.web.session.DisableEncodeUrlFilter@4a84beb7, org.springframework.security.web.context.request.async.WebAsyncManagerIntegrationFilter@72924f19, org.springframework.security.web.context.SecurityContextHolderFilter@2fb40e49, org.springframework.security.web.header.HeaderWriterFilter@60660d21, org.springframework.web.filter.CorsFilter@46c093b4, org.springframework.security.web.authentication.logout.LogoutFilter@33f3ebfc, org.springframework.security.oauth2.server.resource.web.authentication.BearerTokenAuthenticationFilter@37806ccb, org.springframework.security.web.savedrequest.RequestCacheAwareFilter@368e7d3a, org.springframework.security.web.servletapi.SecurityContextHolderAwareRequestFilter@2c4eda3a, org.springframework.security.web.authentication.AnonymousAuthenticationFilter@4ff00844, org.springframework.security.web.session.SessionManagementFilter@507e3e77, org.springframework.security.web.access.ExceptionTranslationFilter@2b71a12e, org.springframework.security.web.access.intercept.AuthorizationFilter@14d9ae22]
2024-06-16 14:05:55,298 [INFO] org.springframework.boot.web.embedded.tomcat.TomcatWebServer [main] Tomcat started on port 8080 (http) with context path '/'
2024-06-16 14:05:55,298 [INFO] com.racha.restdev.RestdevApplication [main] Started RestdevApplication in 5.932 seconds (process running for 6.32)
2024-06-16 14:05:59,071 [INFO] org.apache.catalina.core.ContainerBase.[Tomcat].[localhost].[/] [http-nio-8080-exec-1] Initializing Spring DispatcherServlet 'dispatcherServlet'
2024-06-16 14:05:59,071 [INFO] org.springframework.web.servlet.DispatcherServlet [http-nio-8080-exec-1] Initializing Servlet 'dispatcherServlet'
2024-06-16 14:05:59,071 [INFO] org.springframework.web.servlet.DispatcherServlet [http-nio-8080-exec-1] Completed initialization in 0 ms
2024-06-16 14:06:00,209 [INFO] org.springdoc.api.AbstractOpenApiResource [http-nio-8080-exec-5] Init duration for springdoc-openapi is: 629 ms
2024-06-16 14:06:10,983 [INFO] com.racha.restdev.service.TokenService [http-nio-8080-exec-6] Generated token for user: user@user.com
2024-06-16 15:17:00,943 [INFO] com.racha.restdev.RestdevApplication [main] Starting RestdevApplication using Java 17.0.8 with PID 15800 (C:\Users\ratsh\OneDrive\Documents\vs code\webapp\Restdev 01\target\classes started by ratsh in C:\Users\ratsh\OneDrive\Documents\vs code\webapp\Restdev 01)
2024-06-16 15:17:00,949 [DEBUG] com.racha.restdev.RestdevApplication [main] Running with Spring Boot v3.3.0, Spring v6.1.8
2024-06-16 15:17:00,952 [INFO] com.racha.restdev.RestdevApplication [main] No active profile set, falling back to 1 default profile: "default"
2024-06-16 15:17:02,177 [INFO] org.springframework.data.repository.config.RepositoryConfigurationDelegate [main] Bootstrapping Spring Data JPA repositories in DEFAULT mode.
2024-06-16 15:17:02,277 [INFO] org.springframework.data.repository.config.RepositoryConfigurationDelegate [main] Finished Spring Data repository scanning in 87 ms. Found 3 JPA repository interfaces.
2024-06-16 15:17:03,028 [INFO] org.springframework.boot.web.embedded.tomcat.TomcatWebServer [main] Tomcat initialized with port 8080 (http)
2024-06-16 15:17:03,042 [INFO] org.apache.catalina.core.StandardService [main] Starting service [Tomcat]
2024-06-16 15:17:03,043 [INFO] org.apache.catalina.core.StandardEngine [main] Starting Servlet engine: [Apache Tomcat/10.1.24]
2024-06-16 15:17:03,157 [INFO] org.apache.catalina.core.ContainerBase.[Tomcat].[localhost].[/] [main] Initializing Spring embedded WebApplicationContext
2024-06-16 15:17:03,157 [INFO] org.springframework.boot.web.servlet.context.ServletWebServerApplicationContext [main] Root WebApplicationContext: initialization completed in 2147 ms
2024-06-16 15:17:03,199 [INFO] com.zaxxer.hikari.HikariDataSource [main] HikariPool-1 - Starting...
2024-06-16 15:17:03,569 [INFO] com.zaxxer.hikari.pool.HikariPool [main] HikariPool-1 - Added connection conn0: url=jdbc:h2:file:./db/db user=ADMIN
2024-06-16 15:17:03,571 [INFO] com.zaxxer.hikari.HikariDataSource [main] HikariPool-1 - Start completed.
2024-06-16 15:17:03,582 [INFO] org.springframework.boot.autoconfigure.h2.H2ConsoleAutoConfiguration [main] H2 console available at '/db-console'. Database available at 'jdbc:h2:file:./db/db'
2024-06-16 15:17:03,822 [INFO] org.hibernate.jpa.internal.util.LogHelper [main] HHH000204: Processing PersistenceUnitInfo [name: default]
2024-06-16 15:17:03,939 [INFO] org.hibernate.Version [main] HHH000412: Hibernate ORM core version 6.5.2.Final
2024-06-16 15:17:04,013 [INFO] org.hibernate.cache.internal.RegionFactoryInitiator [main] HHH000026: Second-level cache disabled
2024-06-16 15:17:04,653 [INFO] org.springframework.orm.jpa.persistenceunit.SpringPersistenceUnitInfo [main] No LoadTimeWeaver setup: ignoring JPA class transformer
2024-06-16 15:17:04,707 [WARN] org.hibernate.orm.deprecation [main] HHH90000025: H2Dialect does not need to be specified explicitly using 'hibernate.dialect' (remove the property setting and it will be selected by default)
2024-06-16 15:17:05,699 [INFO] org.hibernate.engine.transaction.jta.platform.internal.JtaPlatformInitiator [main] HHH000489: No JTA platform available (set 'hibernate.transaction.jta.platform' to enable JTA platform integration)
2024-06-16 15:17:05,754 [INFO] org.springframework.orm.jpa.LocalContainerEntityManagerFactoryBean [main] Initialized JPA EntityManagerFactory for persistence unit 'default'
2024-06-16 15:17:06,587 [WARN] org.springframework.boot.autoconfigure.orm.jpa.JpaBaseConfiguration$JpaWebConfiguration [main] spring.jpa.open-in-view is enabled by default. Therefore, database queries may be performed during view rendering. Explicitly configure spring.jpa.open-in-view to disable this warning
2024-06-16 15:17:06,613 [INFO] org.springframework.security.config.annotation.authentication.configuration.InitializeUserDetailsBeanManagerConfigurer$InitializeUserDetailsManagerConfigurer [main] Global AuthenticationManager configured with UserDetailsService bean with name accountService
2024-06-16 15:17:06,995 [INFO] org.springframework.security.web.DefaultSecurityFilterChain [main] Will secure any request with [org.springframework.security.web.session.DisableEncodeUrlFilter@68ee7b3b, org.springframework.security.web.context.request.async.WebAsyncManagerIntegrationFilter@159a32a4, org.springframework.security.web.context.SecurityContextHolderFilter@2898c70d, org.springframework.security.web.header.HeaderWriterFilter@40dcbf7, org.springframework.web.filter.CorsFilter@4ceb368b, org.springframework.security.web.authentication.logout.LogoutFilter@cbd3871, org.springframework.security.oauth2.server.resource.web.authentication.BearerTokenAuthenticationFilter@14d9ae22, org.springframework.security.web.savedrequest.RequestCacheAwareFilter@64a00fe0, org.springframework.security.web.servletapi.SecurityContextHolderAwareRequestFilter@27563444, org.springframework.security.web.authentication.AnonymousAuthenticationFilter@1ddc5857, org.springframework.security.web.session.SessionManagementFilter@2b71a12e, org.springframework.security.web.access.ExceptionTranslationFilter@51806858, org.springframework.security.web.access.intercept.AuthorizationFilter@33f3ebfc]
2024-06-16 15:17:07,391 [INFO] org.springframework.boot.web.embedded.tomcat.TomcatWebServer [main] Tomcat started on port 8080 (http) with context path '/'
2024-06-16 15:17:07,417 [INFO] com.racha.restdev.RestdevApplication [main] Started RestdevApplication in 6.937 seconds (process running for 9.793)
2024-06-16 15:17:08,429 [INFO] org.apache.catalina.core.ContainerBase.[Tomcat].[localhost].[/] [http-nio-8080-exec-4] Initializing Spring DispatcherServlet 'dispatcherServlet'
2024-06-16 15:17:08,430 [INFO] org.springframework.web.servlet.DispatcherServlet [http-nio-8080-exec-4] Initializing Servlet 'dispatcherServlet'
2024-06-16 15:17:08,431 [INFO] org.springframework.web.servlet.DispatcherServlet [http-nio-8080-exec-4] Completed initialization in 1 ms
2024-06-16 15:17:10,559 [INFO] org.springdoc.api.AbstractOpenApiResource [http-nio-8080-exec-7] Init duration for springdoc-openapi is: 623 ms
2024-06-16 15:17:20,927 [INFO] com.racha.restdev.service.TokenService [http-nio-8080-exec-2] Generated token for user: user@user.com
2024-06-16 15:39:10,309 [INFO] com.racha.restdev.RestdevApplication [main] Starting RestdevApplication using Java 17.0.8 with PID 6436 (C:\Users\ratsh\OneDrive\Documents\vs code\webapp\Restdev 01\target\classes started by ratsh in C:\Users\ratsh\OneDrive\Documents\vs code\webapp\Restdev 01)
2024-06-16 15:39:10,312 [DEBUG] com.racha.restdev.RestdevApplication [main] Running with Spring Boot v3.3.0, Spring v6.1.8
2024-06-16 15:39:10,312 [INFO] com.racha.restdev.RestdevApplication [main] No active profile set, falling back to 1 default profile: "default"
2024-06-16 15:39:11,309 [INFO] org.springframework.data.repository.config.RepositoryConfigurationDelegate [main] Bootstrapping Spring Data JPA repositories in DEFAULT mode.
2024-06-16 15:39:11,398 [INFO] org.springframework.data.repository.config.RepositoryConfigurationDelegate [main] Finished Spring Data repository scanning in 83 ms. Found 3 JPA repository interfaces.
2024-06-16 15:39:12,136 [INFO] org.springframework.boot.web.embedded.tomcat.TomcatWebServer [main] Tomcat initialized with port 8080 (http)
2024-06-16 15:39:12,155 [INFO] org.apache.catalina.core.StandardService [main] Starting service [Tomcat]
2024-06-16 15:39:12,156 [INFO] org.apache.catalina.core.StandardEngine [main] Starting Servlet engine: [Apache Tomcat/10.1.24]
2024-06-16 15:39:12,238 [INFO] org.apache.catalina.core.ContainerBase.[Tomcat].[localhost].[/] [main] Initializing Spring embedded WebApplicationContext
2024-06-16 15:39:12,238 [INFO] org.springframework.boot.web.servlet.context.ServletWebServerApplicationContext [main] Root WebApplicationContext: initialization completed in 1865 ms
2024-06-16 15:39:12,280 [INFO] com.zaxxer.hikari.HikariDataSource [main] HikariPool-1 - Starting...
2024-06-16 15:39:12,535 [INFO] com.zaxxer.hikari.pool.HikariPool [main] HikariPool-1 - Added connection conn0: url=jdbc:h2:file:./db/db user=ADMIN
2024-06-16 15:39:12,537 [INFO] com.zaxxer.hikari.HikariDataSource [main] HikariPool-1 - Start completed.
2024-06-16 15:39:12,548 [INFO] org.springframework.boot.autoconfigure.h2.H2ConsoleAutoConfiguration [main] H2 console available at '/db-console'. Database available at 'jdbc:h2:file:./db/db'
2024-06-16 15:39:12,698 [INFO] org.hibernate.jpa.internal.util.LogHelper [main] HHH000204: Processing PersistenceUnitInfo [name: default]
2024-06-16 15:39:12,761 [INFO] org.hibernate.Version [main] HHH000412: Hibernate ORM core version 6.5.2.Final
2024-06-16 15:39:12,804 [INFO] org.hibernate.cache.internal.RegionFactoryInitiator [main] HHH000026: Second-level cache disabled
2024-06-16 15:39:13,117 [INFO] org.springframework.orm.jpa.persistenceunit.SpringPersistenceUnitInfo [main] No LoadTimeWeaver setup: ignoring JPA class transformer
2024-06-16 15:39:13,168 [WARN] org.hibernate.orm.deprecation [main] HHH90000025: H2Dialect does not need to be specified explicitly using 'hibernate.dialect' (remove the property setting and it will be selected by default)
2024-06-16 15:39:14,084 [INFO] org.hibernate.engine.transaction.jta.platform.internal.JtaPlatformInitiator [main] HHH000489: No JTA platform available (set 'hibernate.transaction.jta.platform' to enable JTA platform integration)
2024-06-16 15:39:14,131 [INFO] org.springframework.orm.jpa.LocalContainerEntityManagerFactoryBean [main] Initialized JPA EntityManagerFactory for persistence unit 'default'
2024-06-16 15:39:14,909 [WARN] org.springframework.boot.autoconfigure.orm.jpa.JpaBaseConfiguration$JpaWebConfiguration [main] spring.jpa.open-in-view is enabled by default. Therefore, database queries may be performed during view rendering. Explicitly configure spring.jpa.open-in-view to disable this warning
2024-06-16 15:39:14,923 [INFO] org.springframework.security.config.annotation.authentication.configuration.InitializeUserDetailsBeanManagerConfigurer$InitializeUserDetailsManagerConfigurer [main] Global AuthenticationManager configured with UserDetailsService bean with name accountService
2024-06-16 15:39:15,248 [INFO] org.springframework.security.web.DefaultSecurityFilterChain [main] Will secure any request with [org.springframework.security.web.session.DisableEncodeUrlFilter@4a84beb7, org.springframework.security.web.context.request.async.WebAsyncManagerIntegrationFilter@72924f19, org.springframework.security.web.context.SecurityContextHolderFilter@2fb40e49, org.springframework.security.web.header.HeaderWriterFilter@60660d21, org.springframework.web.filter.CorsFilter@46c093b4, org.springframework.security.web.authentication.logout.LogoutFilter@33f3ebfc, org.springframework.security.oauth2.server.resource.web.authentication.BearerTokenAuthenticationFilter@37806ccb, org.springframework.security.web.savedrequest.RequestCacheAwareFilter@368e7d3a, org.springframework.security.web.servletapi.SecurityContextHolderAwareRequestFilter@2c4eda3a, org.springframework.security.web.authentication.AnonymousAuthenticationFilter@4ff00844, org.springframework.security.web.session.SessionManagementFilter@507e3e77, org.springframework.security.web.access.ExceptionTranslationFilter@2b71a12e, org.springframework.security.web.access.intercept.AuthorizationFilter@14d9ae22]
2024-06-16 15:39:15,568 [INFO] org.springframework.boot.web.embedded.tomcat.TomcatWebServer [main] Tomcat started on port 8080 (http) with context path '/'
2024-06-16 15:39:15,581 [INFO] com.racha.restdev.RestdevApplication [main] Started RestdevApplication in 5.718 seconds (process running for 6.237)
2024-06-16 15:39:24,532 [INFO] org.apache.catalina.core.ContainerBase.[Tomcat].[localhost].[/] [http-nio-8080-exec-1] Initializing Spring DispatcherServlet 'dispatcherServlet'
2024-06-16 15:39:24,532 [INFO] org.springframework.web.servlet.DispatcherServlet [http-nio-8080-exec-1] Initializing Servlet 'dispatcherServlet'
2024-06-16 15:39:24,547 [INFO] org.springframework.web.servlet.DispatcherServlet [http-nio-8080-exec-1] Completed initialization in 2 ms
2024-06-16 15:39:26,226 [INFO] org.springdoc.api.AbstractOpenApiResource [http-nio-8080-exec-5] Init duration for springdoc-openapi is: 598 ms
2024-06-16 15:39:48,837 [INFO] com.racha.restdev.service.TokenService [http-nio-8080-exec-6] Generated token for user: admin@admin.com
2024-06-16 15:54:46,844 [INFO] com.racha.restdev.RestdevApplication [main] Starting RestdevApplication using Java 17.0.8 with PID 21344 (C:\Users\ratsh\OneDrive\Documents\vs code\webapp\Restdev 01\target\classes started by ratsh in C:\Users\ratsh\OneDrive\Documents\vs code\webapp\Restdev 01)
2024-06-16 15:54:46,849 [DEBUG] com.racha.restdev.RestdevApplication [main] Running with Spring Boot v3.3.0, Spring v6.1.8
2024-06-16 15:54:46,851 [INFO] com.racha.restdev.RestdevApplication [main] No active profile set, falling back to 1 default profile: "default"
2024-06-16 15:54:47,827 [INFO] org.springframework.data.repository.config.RepositoryConfigurationDelegate [main] Bootstrapping Spring Data JPA repositories in DEFAULT mode.
2024-06-16 15:54:47,908 [INFO] org.springframework.data.repository.config.RepositoryConfigurationDelegate [main] Finished Spring Data repository scanning in 66 ms. Found 3 JPA repository interfaces.
2024-06-16 15:54:48,584 [INFO] org.springframework.boot.web.embedded.tomcat.TomcatWebServer [main] Tomcat initialized with port 8080 (http)
2024-06-16 15:54:48,597 [INFO] org.apache.catalina.core.StandardService [main] Starting service [Tomcat]
2024-06-16 15:54:48,599 [INFO] org.apache.catalina.core.StandardEngine [main] Starting Servlet engine: [Apache Tomcat/10.1.24]
2024-06-16 15:54:48,679 [INFO] org.apache.catalina.core.ContainerBase.[Tomcat].[localhost].[/] [main] Initializing Spring embedded WebApplicationContext
2024-06-16 15:54:48,680 [INFO] org.springframework.boot.web.servlet.context.ServletWebServerApplicationContext [main] Root WebApplicationContext: initialization completed in 1764 ms
2024-06-16 15:54:48,715 [INFO] com.zaxxer.hikari.HikariDataSource [main] HikariPool-1 - Starting...
2024-06-16 15:54:48,972 [INFO] com.zaxxer.hikari.pool.HikariPool [main] HikariPool-1 - Added connection conn0: url=jdbc:h2:file:./db/db user=ADMIN
2024-06-16 15:54:48,974 [INFO] com.zaxxer.hikari.HikariDataSource [main] HikariPool-1 - Start completed.
2024-06-16 15:54:48,983 [INFO] org.springframework.boot.autoconfigure.h2.H2ConsoleAutoConfiguration [main] H2 console available at '/db-console'. Database available at 'jdbc:h2:file:./db/db'
2024-06-16 15:54:49,139 [INFO] org.hibernate.jpa.internal.util.LogHelper [main] HHH000204: Processing PersistenceUnitInfo [name: default]
2024-06-16 15:54:49,210 [INFO] org.hibernate.Version [main] HHH000412: Hibernate ORM core version 6.5.2.Final
2024-06-16 15:54:49,248 [INFO] org.hibernate.cache.internal.RegionFactoryInitiator [main] HHH000026: Second-level cache disabled
2024-06-16 15:54:49,544 [INFO] org.springframework.orm.jpa.persistenceunit.SpringPersistenceUnitInfo [main] No LoadTimeWeaver setup: ignoring JPA class transformer
2024-06-16 15:54:49,610 [WARN] org.hibernate.orm.deprecation [main] HHH90000025: H2Dialect does not need to be specified explicitly using 'hibernate.dialect' (remove the property setting and it will be selected by default)
2024-06-16 15:54:50,523 [INFO] org.hibernate.engine.transaction.jta.platform.internal.JtaPlatformInitiator [main] HHH000489: No JTA platform available (set 'hibernate.transaction.jta.platform' to enable JTA platform integration)
2024-06-16 15:54:50,578 [INFO] org.springframework.orm.jpa.LocalContainerEntityManagerFactoryBean [main] Initialized JPA EntityManagerFactory for persistence unit 'default'
2024-06-16 15:54:51,460 [WARN] org.springframework.boot.autoconfigure.orm.jpa.JpaBaseConfiguration$JpaWebConfiguration [main] spring.jpa.open-in-view is enabled by default. Therefore, database queries may be performed during view rendering. Explicitly configure spring.jpa.open-in-view to disable this warning
2024-06-16 15:54:51,475 [INFO] org.springframework.security.config.annotation.authentication.configuration.InitializeUserDetailsBeanManagerConfigurer$InitializeUserDetailsManagerConfigurer [main] Global AuthenticationManager configured with UserDetailsService bean with name accountService
2024-06-16 15:54:51,924 [INFO] org.springframework.security.web.DefaultSecurityFilterChain [main] Will secure any request with [org.springframework.security.web.session.DisableEncodeUrlFilter@7c5fbde4, org.springframework.security.web.context.request.async.WebAsyncManagerIntegrationFilter@7021bb55, org.springframework.security.web.context.SecurityContextHolderFilter@3b446d7, org.springframework.security.web.header.HeaderWriterFilter@752e50c6, org.springframework.web.filter.CorsFilter@6023b54f, org.springframework.security.web.authentication.logout.LogoutFilter@344f4a82, org.springframework.security.oauth2.server.resource.web.authentication.BearerTokenAuthenticationFilter@702e21c, org.springframework.security.web.savedrequest.RequestCacheAwareFilter@2b71a12e, org.springframework.security.web.servletapi.SecurityContextHolderAwareRequestFilter@671561b9, org.springframework.security.web.authentication.AnonymousAuthenticationFilter@14d9ae22, org.springframework.security.web.session.SessionManagementFilter@55da6bf, org.springframework.security.web.access.ExceptionTranslationFilter@4b477121, org.springframework.security.web.access.intercept.AuthorizationFilter@7de2c19c]
2024-06-16 15:54:52,335 [INFO] org.springframework.boot.web.embedded.tomcat.TomcatWebServer [main] Tomcat started on port 8080 (http) with context path '/'
2024-06-16 15:54:52,354 [INFO] com.racha.restdev.RestdevApplication [main] Started RestdevApplication in 5.94 seconds (process running for 6.287)
2024-06-16 15:56:29,801 [INFO] org.apache.catalina.core.ContainerBase.[Tomcat].[localhost].[/] [http-nio-8080-exec-2] Initializing Spring DispatcherServlet 'dispatcherServlet'
2024-06-16 15:56:29,802 [INFO] org.springframework.web.servlet.DispatcherServlet [http-nio-8080-exec-2] Initializing Servlet 'dispatcherServlet'
2024-06-16 15:56:29,804 [INFO] org.springframework.web.servlet.DispatcherServlet [http-nio-8080-exec-2] Completed initialization in 1 ms
2024-06-16 15:56:30,321 [INFO] com.racha.restdev.service.TokenService [http-nio-8080-exec-2] Generated token for user: user@user.com
2024-06-16 15:56:33,997 [INFO] org.springdoc.api.AbstractOpenApiResource [http-nio-8080-exec-5] Init duration for springdoc-openapi is: 583 ms
2024-06-16 15:56:39,368 [INFO] com.racha.restdev.service.TokenService [http-nio-8080-exec-8] Generated token for user: user@user.com
2024-06-16 16:57:44,326 [INFO] com.racha.restdev.RestdevApplication [main] Starting RestdevApplication using Java 17.0.8 with PID 12692 (C:\Users\ratsh\OneDrive\Documents\vs code\webapp\Restdev 01\target\classes started by ratsh in C:\Users\ratsh\OneDrive\Documents\vs code\webapp\Restdev 01)
2024-06-16 16:57:44,329 [DEBUG] com.racha.restdev.RestdevApplication [main] Running with Spring Boot v3.3.0, Spring v6.1.8
2024-06-16 16:57:44,330 [INFO] com.racha.restdev.RestdevApplication [main] No active profile set, falling back to 1 default profile: "default"
2024-06-16 16:57:45,444 [INFO] org.springframework.data.repository.config.RepositoryConfigurationDelegate [main] Bootstrapping Spring Data JPA repositories in DEFAULT mode.
2024-06-16 16:57:45,546 [INFO] org.springframework.data.repository.config.RepositoryConfigurationDelegate [main] Finished Spring Data repository scanning in 88 ms. Found 3 JPA repository interfaces.
2024-06-16 16:57:46,396 [INFO] org.springframework.boot.web.embedded.tomcat.TomcatWebServer [main] Tomcat initialized with port 8080 (http)
2024-06-16 16:57:46,410 [INFO] org.apache.catalina.core.StandardService [main] Starting service [Tomcat]
2024-06-16 16:57:46,411 [INFO] org.apache.catalina.core.StandardEngine [main] Starting Servlet engine: [Apache Tomcat/10.1.24]
2024-06-16 16:57:46,487 [INFO] org.apache.catalina.core.ContainerBase.[Tomcat].[localhost].[/] [main] Initializing Spring embedded WebApplicationContext
2024-06-16 16:57:46,488 [INFO] org.springframework.boot.web.servlet.context.ServletWebServerApplicationContext [main] Root WebApplicationContext: initialization completed in 2089 ms
2024-06-16 16:57:46,527 [INFO] com.zaxxer.hikari.HikariDataSource [main] HikariPool-1 - Starting...
2024-06-16 16:57:46,852 [INFO] com.zaxxer.hikari.pool.HikariPool [main] HikariPool-1 - Added connection conn0: url=jdbc:h2:file:./db/db user=ADMIN
2024-06-16 16:57:46,854 [INFO] com.zaxxer.hikari.HikariDataSource [main] HikariPool-1 - Start completed.
2024-06-16 16:57:46,870 [INFO] org.springframework.boot.autoconfigure.h2.H2ConsoleAutoConfiguration [main] H2 console available at '/db-console'. Database available at 'jdbc:h2:file:./db/db'
2024-06-16 16:57:47,062 [INFO] org.hibernate.jpa.internal.util.LogHelper [main] HHH000204: Processing PersistenceUnitInfo [name: default]
2024-06-16 16:57:47,132 [INFO] org.hibernate.Version [main] HHH000412: Hibernate ORM core version 6.5.2.Final
2024-06-16 16:57:47,178 [INFO] org.hibernate.cache.internal.RegionFactoryInitiator [main] HHH000026: Second-level cache disabled
2024-06-16 16:57:47,509 [INFO] org.springframework.orm.jpa.persistenceunit.SpringPersistenceUnitInfo [main] No LoadTimeWeaver setup: ignoring JPA class transformer
2024-06-16 16:57:47,572 [WARN] org.hibernate.orm.deprecation [main] HHH90000025: H2Dialect does not need to be specified explicitly using 'hibernate.dialect' (remove the property setting and it will be selected by default)
2024-06-16 16:57:48,466 [INFO] org.hibernate.engine.transaction.jta.platform.internal.JtaPlatformInitiator [main] HHH000489: No JTA platform available (set 'hibernate.transaction.jta.platform' to enable JTA platform integration)
2024-06-16 16:57:48,522 [INFO] org.springframework.orm.jpa.LocalContainerEntityManagerFactoryBean [main] Initialized JPA EntityManagerFactory for persistence unit 'default'
2024-06-16 16:57:49,306 [WARN] org.springframework.boot.autoconfigure.orm.jpa.JpaBaseConfiguration$JpaWebConfiguration [main] spring.jpa.open-in-view is enabled by default. Therefore, database queries may be performed during view rendering. Explicitly configure spring.jpa.open-in-view to disable this warning
2024-06-16 16:57:49,328 [INFO] org.springframework.security.config.annotation.authentication.configuration.InitializeUserDetailsBeanManagerConfigurer$InitializeUserDetailsManagerConfigurer [main] Global AuthenticationManager configured with UserDetailsService bean with name accountService
2024-06-16 16:57:49,699 [INFO] org.springframework.security.web.DefaultSecurityFilterChain [main] Will secure any request with [org.springframework.security.web.session.DisableEncodeUrlFilter@6cd8c373, org.springframework.security.web.context.request.async.WebAsyncManagerIntegrationFilter@449f9628, org.springframework.security.web.context.SecurityContextHolderFilter@27563444, org.springframework.security.web.header.HeaderWriterFilter@3b446d7, org.springframework.web.filter.CorsFilter@37806ccb, org.springframework.security.web.authentication.logout.LogoutFilter@5dcec8e9, org.springframework.security.oauth2.server.resource.web.authentication.BearerTokenAuthenticationFilter@289b7efe, org.springframework.security.web.savedrequest.RequestCacheAwareFilter@73796ae5, org.springframework.security.web.servletapi.SecurityContextHolderAwareRequestFilter@3c20abd6, org.springframework.security.web.authentication.AnonymousAuthenticationFilter@606d2a92, org.springframework.security.web.session.SessionManagementFilter@4fd70118, org.springframework.security.web.access.ExceptionTranslationFilter@3a0f5141, org.springframework.security.web.access.intercept.AuthorizationFilter@5c450960]
2024-06-16 16:57:50,010 [INFO] org.springframework.boot.web.embedded.tomcat.TomcatWebServer [main] Tomcat started on port 8080 (http) with context path '/'
2024-06-16 16:57:50,021 [INFO] com.racha.restdev.RestdevApplication [main] Started RestdevApplication in 6.175 seconds (process running for 6.599)
2024-06-16 16:58:05,364 [INFO] org.apache.catalina.core.ContainerBase.[Tomcat].[localhost].[/] [http-nio-8080-exec-1] Initializing Spring DispatcherServlet 'dispatcherServlet'
2024-06-16 16:58:05,365 [INFO] org.springframework.web.servlet.DispatcherServlet [http-nio-8080-exec-1] Initializing Servlet 'dispatcherServlet'
2024-06-16 16:58:05,366 [INFO] org.springframework.web.servlet.DispatcherServlet [http-nio-8080-exec-1] Completed initialization in 1 ms
2024-06-16 16:58:07,201 [INFO] org.springdoc.api.AbstractOpenApiResource [http-nio-8080-exec-5] Init duration for springdoc-openapi is: 732 ms
2024-06-16 16:58:15,445 [INFO] com.racha.restdev.service.TokenService [http-nio-8080-exec-6] Generated token for user: user@user.com
